{
  "0 debug pnpm:scope": {
    "selected": 2,
    "total": 2,
    "workspacePrefix": "/Users/Alexandre.Hitchcox/Projects/overflowed"
  },
  "1 debug pnpm:package-manifest": {
    "initial": {
      "name": "overflowed",
      "type": "module",
      "version": "0.0.0",
      "private": true,
      "scripts": {},
      "devDependencies": {
        "@types/react": "18.0.25",
        "@types/react-dom": "^18.0.6",
        "react": "18.2.0",
        "react-dom": "^18.0.0",
        "typescript": "4.8.4"
      }
    },
    "prefix": "/Users/Alexandre.Hitchcox/Projects/overflowed"
  },
  "2 debug pnpm:package-manifest": {
    "initial": {
      "name": "overflowed-documentation",
      "type": "module",
      "version": "0.0.0",
      "private": true,
      "scripts": {
        "dev": "astro dev",
        "start": "astro dev",
        "build": "astro build",
        "preview": "astro preview",
        "astro": "astro"
      },
      "dependencies": {
        "@astrojs/react": "^1.2.2",
        "@types/react": "workspace:*",
        "@types/react-dom": "workspace:*",
        "astro": "^1.6.7",
        "react": "workspace:*",
        "react-dom": "workspace:*"
      }
    },
    "prefix": "/Users/Alexandre.Hitchcox/Projects/overflowed/documentation"
  },
  "3 debug pnpm:context": {
    "currentLockfileExists": false,
    "storeDir": "/Users/Alexandre.Hitchcox/Library/pnpm/store/v3",
    "virtualStoreDir": "/Users/Alexandre.Hitchcox/Projects/overflowed/node_modules/.pnpm"
  },
  "4 debug pnpm:stage": {
    "prefix": "/Users/Alexandre.Hitchcox/Projects/overflowed",
    "stage": "resolution_started"
  },
  "5 debug pnpm:_dependency_resolved": {
    "resolution": "registry.npmjs.org/@types/react/18.0.25",
    "wanted": {
      "dependentId": ".",
      "name": "@types/react",
      "rawSpec": "18.0.25"
    }
  },
  "6 debug pnpm:_dependency_resolved": {
    "resolution": "registry.npmjs.org/@types/react-dom/18.0.8",
    "wanted": {
      "dependentId": ".",
      "name": "@types/react-dom",
      "rawSpec": "^18.0.6"
    }
  },
  "7 debug pnpm:_dependency_resolved": {
    "resolution": "registry.npmjs.org/react/18.2.0",
    "wanted": {
      "dependentId": ".",
      "name": "react",
      "rawSpec": "18.2.0"
    }
  },
  "8 debug pnpm:_dependency_resolved": {
    "resolution": "registry.npmjs.org/react-dom/18.2.0",
    "wanted": {
      "dependentId": ".",
      "name": "react-dom",
      "rawSpec": "^18.0.0"
    }
  },
  "9 debug pnpm:_dependency_resolved": {
    "resolution": "registry.npmjs.org/typescript/4.8.4",
    "wanted": {
      "dependentId": ".",
      "name": "typescript",
      "rawSpec": "4.8.4"
    }
  },
  "10 debug pnpm:_dependency_resolved": {
    "resolution": "registry.npmjs.org/@astrojs/react/1.2.2",
    "wanted": {
      "dependentId": "documentation",
      "name": "@astrojs/react",
      "rawSpec": "^1.2.2"
    }
  },
  "11 debug pnpm:_dependency_resolved": {
    "resolution": "registry.npmjs.org/astro/1.6.7",
    "wanted": {
      "dependentId": "documentation",
      "name": "astro",
      "rawSpec": "^1.6.7"
    }
  },
  "12 error pnpm": {
    "code": "ERR_PNPM_NO_MATCHING_VERSION_INSIDE_WORKSPACE",
    "pkgsStack": [],
    "err": {
      "name": "pnpm",
      "message": "In : No matching version found for @types/react@* inside the workspace",
      "code": "ERR_PNPM_NO_MATCHING_VERSION_INSIDE_WORKSPACE",
      "stack": "pnpm: In : No matching version found for @types/react@* inside the workspace\n    at tryResolveFromWorkspace (/Users/Alexandre.Hitchcox/Library/Application Support/fnm/node-versions/v16.13.1/installation/pnpm-global/5/node_modules/.pnpm/pnpm@7.1.0/node_modules/pnpm/dist/pnpm.cjs:84694:15)\n    at resolveNpm (/Users/Alexandre.Hitchcox/Library/Application Support/fnm/node-versions/v16.13.1/installation/pnpm-global/5/node_modules/.pnpm/pnpm@7.1.0/node_modules/pnpm/dist/pnpm.cjs:84586:39)\n    at Object.resolve (/Users/Alexandre.Hitchcox/Library/Application Support/fnm/node-versions/v16.13.1/installation/pnpm-global/5/node_modules/.pnpm/pnpm@7.1.0/node_modules/pnpm/dist/pnpm.cjs:84816:34)\n    at ctx.requestsQueue.add.priority (/Users/Alexandre.Hitchcox/Library/Application Support/fnm/node-versions/v16.13.1/installation/pnpm-global/5/node_modules/.pnpm/pnpm@7.1.0/node_modules/pnpm/dist/pnpm.cjs:91513:75)\n    at run (/Users/Alexandre.Hitchcox/Library/Application Support/fnm/node-versions/v16.13.1/installation/pnpm-global/5/node_modules/.pnpm/pnpm@7.1.0/node_modules/pnpm/dist/pnpm.cjs:91274:90)\n    at PQueue._tryToStartAnother (/Users/Alexandre.Hitchcox/Library/Application Support/fnm/node-versions/v16.13.1/installation/pnpm-global/5/node_modules/.pnpm/pnpm@7.1.0/node_modules/pnpm/dist/pnpm.cjs:91228:13)\n    at /Users/Alexandre.Hitchcox/Library/Application Support/fnm/node-versions/v16.13.1/installation/pnpm-global/5/node_modules/.pnpm/pnpm@7.1.0/node_modules/pnpm/dist/pnpm.cjs:91287:16\n    at new Promise (<anonymous>)\n    at PQueue.add (/Users/Alexandre.Hitchcox/Library/Application Support/fnm/node-versions/v16.13.1/installation/pnpm-global/5/node_modules/.pnpm/pnpm@7.1.0/node_modules/pnpm/dist/pnpm.cjs:91269:16)\n    at resolveAndFetch (/Users/Alexandre.Hitchcox/Library/Application Support/fnm/node-versions/v16.13.1/installation/pnpm-global/5/node_modules/.pnpm/pnpm@7.1.0/node_modules/pnpm/dist/pnpm.cjs:91513:55)"
    }
  }
}